<?xml version="1.0" encoding="UTF-8"?>
<!-- Generated by org.testng.reporters.JUnitReportReporter -->
<testsuite hostname="MININT-J6FPSUI" failures="0" tests="2" name="Academy.ValidateTitleTest" time="0.139" errors="0" timestamp="2021-05-11T23:02:51 NPT" skipped="0">
  <testcase classname="Academy.ValidateTitleTest" name="validateTitle" time="0.101"/>
  <system-out/>
  <testcase classname="Academy.ValidateTitleTest" name="validatezHeader" time="0.038"/>
  <system-out/>
</testsuite> <!-- Academy.ValidateTitleTest -->
