<?xml version="1.0" encoding="UTF-8"?>
<!-- Generated by org.testng.reporters.JUnitReportReporter -->
<testsuite hostname="MININT-J6FPSUI" failures="0" tests="2" name="Academy.HomePageTest" time="32.975" errors="0" timestamp="2021-05-11T22:55:08 NPT" skipped="0">
  <testcase classname="Academy.HomePageTest" name="BasePageNavigation" time="23.162"/>
  <system-out/>
  <testcase classname="Academy.HomePageTest" name="BasePageNavigation" time="9.813"/>
  <system-out/>
</testsuite> <!-- Academy.HomePageTest -->
