<?xml version="1.0" encoding="UTF-8"?>
<!-- Generated by org.testng.reporters.JUnitReportReporter -->
<testsuite hostname="MININT-J6FPSUI" failures="0" tests="1" name="Academy.ValidateNavigationPanelTest" time="12.612" errors="0" timestamp="2021-05-11T22:55:08 NPT" skipped="0">
  <testcase classname="Academy.ValidateNavigationPanelTest" name="validateNavigationPanel" time="12.612"/>
  <system-out/>
</testsuite> <!-- Academy.ValidateNavigationPanelTest -->
