<?xml version="1.0" encoding="UTF-8"?>
<!-- Generated by org.testng.reporters.JUnitReportReporter -->
<testsuite hostname="MININT-J6FPSUI" failures="0" tests="1" name="Academy.validateNavigationPanel" time="5.634" errors="0" timestamp="2021-05-11T01:01:03 NPT" skipped="0">
  <testcase classname="Academy.validateNavigationPanel" name="BasePageNavigation" time="5.634"/>
  <system-out/>
</testsuite> <!-- Academy.validateNavigationPanel -->
