<?xml version="1.0" encoding="UTF-8"?>
<!-- Generated by org.testng.reporters.JUnitReportReporter -->
<testsuite hostname="MININT-J6FPSUI" failures="0" tests="2" name="Academy.HomePage" time="12.900" errors="0" timestamp="2021-05-11T01:01:03 NPT" skipped="0">
  <testcase classname="Academy.HomePage" name="BasePageNavigation" time="6.166"/>
  <system-out/>
  <testcase classname="Academy.HomePage" name="BasePageNavigation" time="6.734"/>
  <system-out/>
</testsuite> <!-- Academy.HomePage -->
