<?xml version="1.0" encoding="UTF-8"?>
<!-- Generated by org.testng.reporters.JUnitReportReporter -->
<testsuite skipped="0" hostname="MININT-J6FPSUI" name="Academy.HomePageTest" tests="2" failures="0" timestamp="2021-05-11T22:17:18 NPT" time="36.915" errors="0">
  <testcase name="BasePageNavigation" time="14.848" classname="Academy.HomePageTest"/>
  <system-out/>
  <testcase name="BasePageNavigation" time="22.067" classname="Academy.HomePageTest"/>
  <system-out/>
</testsuite> <!-- Academy.HomePageTest -->
