<?xml version="1.0" encoding="UTF-8"?>
<!-- Generated by org.testng.reporters.JUnitReportReporter -->
<testsuite skipped="0" hostname="MININT-J6FPSUI" name="Academy.ValidateTitleTest" tests="1" failures="0" timestamp="2021-05-11T21:58:19 NPT" time="20.240" errors="0">
  <testcase name="validateTitle" time="20.240" classname="Academy.ValidateTitleTest"/>
  <system-out/>
</testsuite> <!-- Academy.ValidateTitleTest -->
