<?xml version="1.0" encoding="UTF-8"?>
<!-- Generated by org.testng.reporters.JUnitReportReporter -->
<testsuite skipped="0" hostname="MININT-J6FPSUI" name="Academy.ValidateNavigationPanelTest" tests="1" failures="0" timestamp="2021-05-11T22:17:18 NPT" time="24.343" errors="0">
  <testcase name="validateNavigationPanel" time="24.343" classname="Academy.ValidateNavigationPanelTest"/>
  <system-out/>
</testsuite> <!-- Academy.ValidateNavigationPanelTest -->
